[2016-04-11 03:05:59] START
[2016-04-11 03:11:46] CREATE masterdb.py: 0
[2016-04-11 06:33:21] EDIT masterdb/models/menu.py: 0
[2016-04-11 06:37:02] CREATE gui/manage.html: 0
[2016-04-11 06:37:23] EDIT masterdb/views/gui/manage.html: 0
[2016-04-11 06:37:36] EDIT masterdb/views/gui/manage.html: 0
[2016-04-11 06:38:27] EDIT masterdb/views/gui/manage.html: 0
[2016-04-11 06:41:43] EDIT masterdb/views/gui/manage.html: 0
[2016-04-11 06:42:38] EDIT masterdb/views/gui/manage.html: 0
[2016-04-11 06:44:17] EDIT masterdb/controllers/gui.py: 2
[2016-04-11 06:45:32] EDIT masterdb/controllers/gui.py: 2
[2016-04-11 06:46:06] EDIT masterdb/models/menu.py: 0
[2016-04-11 06:47:46] EDIT masterdb/models/menu.py: 3
[2016-04-11 06:50:42] CREATE gui/home.html: 0
[2016-04-11 06:50:55] CREATE gui/insert.html: 0
[2016-04-11 06:51:12] CREATE gui/lookup.html: 0
[2016-04-11 06:52:13] EDIT masterdb/views/gui/lookup.html: 0
[2016-04-11 06:54:15] EDIT masterdb/controllers/gui.py: 1
[2016-04-11 06:56:17] EDIT masterdb/controllers/gui.py: 0
[2016-04-11 06:57:23] EDIT masterdb/controllers/gui.py: 0
[2016-04-11 06:58:50] EDIT masterdb/views/gui/lookup.html: 0
[2016-04-11 07:00:02] EDIT masterdb/controllers/gui.py: 0
[2016-04-11 07:00:13] EDIT masterdb/controllers/gui.py: 0
[2016-04-11 07:00:37] EDIT masterdb/controllers/gui.py: 0
[2016-04-11 07:04:34] EDIT masterdb/controllers/gui.py: 0
[2016-04-11 07:05:00] EDIT masterdb/controllers/gui.py: 0
[2016-04-11 07:05:41] EDIT masterdb/controllers/gui.py: 0
[2016-04-11 07:08:15] EDIT masterdb/views/gui/lookup.html: 8
[2016-04-11 07:08:43] EDIT masterdb/views/gui/lookup.html: 0
[2016-04-11 07:10:52] EDIT masterdb/views/gui/lookup.html: 0
[2016-04-11 07:12:18] EDIT masterdb/views/gui/lookup.html: 0
[2016-04-11 07:12:50] EDIT masterdb/views/gui/lookup.html: -2
[2016-04-11 07:14:27] EDIT masterdb/views/gui/lookup.html: 0
[2016-04-11 07:14:44] EDIT masterdb/views/gui/lookup.html: 0
[2016-04-13 17:03:13] DELETE masterdb/controllers/rpc.py: -12
[2016-04-13 17:03:36] DELETE masterdb/controllers/default.py: -41
[2016-04-13 17:04:48] CREATE device_history/manage.html: 0
[2016-04-13 17:06:06] EDIT masterdb/views/device_history/manage.html: 0
[2016-04-13 17:08:25] CREATE device_history/insert.html: 0
[2016-04-13 17:08:56] EDIT masterdb/views/device_history/insert.html: 0
[2016-04-13 17:10:11] EDIT masterdb/controllers/device_history.py: 0
[2016-04-13 17:11:54] EDIT masterdb/controllers/device_history.py: 0
[2016-04-13 17:13:15] EDIT masterdb/views/device_history/lookup.html: -1
[2016-04-13 17:13:31] EDIT masterdb/views/device_history/lookup.html: 0
[2016-04-13 17:14:17] EDIT masterdb/controllers/device_history.py: 0
[2016-04-13 17:14:37] EDIT masterdb/controllers/device_history.py: 0
[2016-04-13 17:15:54] EDIT masterdb/controllers/device_history.py: 0
[2016-04-13 17:19:37] EDIT masterdb/views/device_history/lookup.html: 0
[2016-04-13 17:19:58] EDIT masterdb/views/device_history/lookup.html: 0
[2016-04-13 17:20:06] EDIT masterdb/views/device_history/lookup.html: -10
[2016-04-13 17:20:25] EDIT masterdb/views/device_history/lookup.html: 10
[2016-04-13 17:20:47] EDIT masterdb/views/device_history/lookup.html: 0
[2016-04-13 17:20:54] EDIT masterdb/views/device_history/lookup.html: 0
[2016-04-13 17:21:14] EDIT masterdb/views/device_history/lookup.html: 0
[2016-04-13 17:21:24] EDIT masterdb/views/device_history/lookup.html: 0
[2016-04-13 17:21:58] EDIT masterdb/views/device_history/lookup.html: 0
[2016-04-13 17:23:03] EDIT masterdb/models/menu.py: 0
[2016-04-13 17:25:28] EDIT masterdb/models/menu.py: 1
[2016-04-13 17:27:45] EDIT masterdb/models/menu.py: 0
[2016-04-13 17:30:25] EDIT masterdb/models/menu.py: 0
[2016-04-13 17:36:17] EDIT masterdb/models/menu.py: 0
[2016-04-13 17:37:04] EDIT masterdb/models/menu.py: -1
[2016-04-13 17:37:15] EDIT masterdb/models/menu.py: 0
[2016-04-13 17:37:51] EDIT masterdb/models/menu.py: 0
[2016-04-13 17:38:38] EDIT masterdb/models/menu.py: 0
[2016-04-13 17:39:14] EDIT masterdb/models/menu.py: 0
[2016-04-13 17:40:01] EDIT masterdb/models/menu.py: 0
[2016-04-13 17:40:42] EDIT masterdb/models/menu.py: 0
[2016-04-13 17:52:00] EDIT masterdb/views/device_history/lookup.html: 0
[2016-04-13 17:53:09] EDIT masterdb/views/device_history/lookup.html: 0
[2016-04-13 22:34:40] EDIT masterdb/models/masterdb.py: 0
[2016-04-13 22:36:50] EDIT masterdb/models/masterdb.py: 0
[2016-04-13 22:38:21] EDIT masterdb/models/masterdb.py: 0
[2016-04-13 22:40:33] EDIT masterdb/models/masterdb.py: -6
[2016-04-13 22:53:07] EDIT masterdb/controllers/medical_device.py: -3
[2016-04-13 22:54:17] EDIT masterdb/controllers/medical_device.py: 0
[2016-04-13 22:54:31] EDIT masterdb/controllers/medical_device.py: 0
[2016-04-13 23:02:21] EDIT masterdb/views/medical_device/lookup.html: 0
[2016-04-13 23:02:33] EDIT masterdb/views/medical_device/lookup.html: -1
[2016-04-13 23:04:12] EDIT masterdb/views/treatment_center/lookup.html: -1
[2016-04-13 23:18:55] EDIT masterdb/views/treatment_center/lookup.html: 0
[2016-04-13 23:19:25] EDIT masterdb/views/medical_device/lookup.html: 0
[2016-04-13 23:19:51] EDIT masterdb/views/medical_device/insert.html: 0
[2016-04-13 23:20:10] EDIT masterdb/views/medical_device/manage.html: 0
[2016-04-13 23:20:28] EDIT masterdb/views/treatment_center/insert.html: 0
[2016-04-13 23:22:36] EDIT masterdb/controllers/treatment_center.py: -2
[2016-04-13 23:22:51] EDIT masterdb/controllers/treatment_center.py: 0
[2016-04-13 23:23:07] EDIT masterdb/controllers/treatment_center.py: 0
[2016-04-13 23:23:18] EDIT masterdb/controllers/treatment_center.py: 0
[2016-04-13 23:23:30] EDIT masterdb/controllers/treatment_center.py: 0
[2016-04-13 23:24:10] EDIT masterdb/controllers/treatment_center.py: 0
[2016-04-13 23:24:15] EDIT masterdb/controllers/treatment_center.py: -1
[2016-04-24 06:36:29] EDIT masterdb/controllers/device_history.py: 1
[2016-04-24 23:17:03] EDIT masterdb/controllers/device_history.py: 45
[2016-04-24 23:17:34] EDIT masterdb/controllers/device_history.py: 0
[2016-04-25 21:15:27] EDIT masterdb/views/device_history/lookup.html: 1
[2016-04-25 21:16:53] EDIT masterdb/views/device_history/lookup.html: 0
[2016-04-25 21:18:16] EDIT masterdb/views/device_history/lookup.html: 3
[2016-04-27 11:53:10] EDIT masterdb/controllers/device_history.py: 1
[2016-04-27 11:58:07] EDIT masterdb/models/db.py: 0
[2016-04-27 12:14:10] EDIT masterdb/controllers/device_history.py: 0
[2016-04-27 12:16:59] EDIT masterdb/controllers/device_history.py: 0
[2016-04-27 12:19:38] EDIT masterdb/controllers/device_history.py: 1
[2016-04-27 12:20:28] EDIT masterdb/controllers/device_history.py: 1
[2016-04-27 12:47:48] EDIT masterdb/models/db.py: 1
[2016-04-27 13:07:53] EDIT masterdb/controllers/device_history.py: 0
[2016-04-27 13:22:54] EDIT masterdb/controllers/device_history.py: 1
[2016-04-27 13:24:05] EDIT masterdb/controllers/device_history.py: 0
[2016-04-27 13:24:32] EDIT masterdb/controllers/device_history.py: 0
[2016-04-27 13:27:13] EDIT masterdb/controllers/device_history.py: 1
[2016-04-27 13:27:40] EDIT masterdb/controllers/device_history.py: 0
[2016-04-27 13:27:56] EDIT masterdb/controllers/device_history.py: 0
[2016-04-27 13:28:13] EDIT masterdb/controllers/device_history.py: 0
[2016-04-27 13:28:49] EDIT masterdb/controllers/device_history.py: 1
[2016-04-27 13:29:08] EDIT masterdb/controllers/device_history.py: -1
[2016-04-27 13:29:26] EDIT masterdb/controllers/device_history.py: -2
[2016-04-27 13:30:11] EDIT masterdb/controllers/device_history.py: 1
[2016-04-27 13:34:22] EDIT masterdb/controllers/device_history.py: -1
[2016-04-27 13:35:15] EDIT masterdb/controllers/device_history.py: 1
[2016-04-27 13:39:01] EDIT masterdb/models/db.py: 1
[2016-04-27 13:49:46] EDIT masterdb/controllers/device_history.py: 0
[2016-04-27 13:54:10] EDIT masterdb/controllers/device_history.py: -1
[2016-04-27 13:54:23] EDIT masterdb/controllers/device_history.py: 1
[2016-04-27 13:54:50] EDIT masterdb/controllers/device_history.py: 0
[2016-04-27 13:55:03] EDIT masterdb/controllers/device_history.py: -1
[2016-04-27 13:57:48] EDIT masterdb/controllers/device_history.py: 1
[2016-04-27 13:58:47] EDIT masterdb/controllers/device_history.py: 1
[2016-04-27 13:59:06] EDIT masterdb/controllers/device_history.py: 0
[2016-04-27 13:59:22] EDIT masterdb/controllers/device_history.py: 0
[2016-04-27 13:59:53] EDIT masterdb/controllers/device_history.py: 0
[2016-04-27 14:00:51] EDIT masterdb/controllers/device_history.py: -1
[2016-04-27 14:20:43] EDIT masterdb/controllers/device_history.py: 3
[2016-04-27 14:21:00] EDIT masterdb/controllers/device_history.py: 0
[2016-04-27 14:21:12] EDIT masterdb/controllers/device_history.py: 0
[2016-04-27 14:21:19] EDIT masterdb/controllers/device_history.py: 0
[2016-04-27 14:21:36] EDIT masterdb/controllers/device_history.py: 0
[2016-04-27 14:22:01] EDIT masterdb/controllers/device_history.py: 0
[2016-04-27 14:22:48] EDIT masterdb/controllers/device_history.py: 2
[2016-04-27 14:23:07] EDIT masterdb/controllers/device_history.py: 0
[2016-04-27 14:23:26] EDIT masterdb/controllers/device_history.py: 0
[2016-04-27 14:23:31] EDIT masterdb/controllers/device_history.py: 0
[2016-04-27 14:24:16] EDIT masterdb/controllers/device_history.py: 0
[2016-04-27 15:22:19] EDIT masterdb/controllers/device_history.py: 0
[2016-04-27 15:26:47] EDIT masterdb/controllers/device_history.py: 0
[2016-04-27 15:27:09] EDIT masterdb/controllers/device_history.py: 0
[2016-04-27 15:27:29] EDIT masterdb/controllers/device_history.py: 0
[2016-04-27 15:28:04] EDIT masterdb/controllers/device_history.py: 0
[2016-04-27 15:28:16] EDIT masterdb/controllers/device_history.py: 0
[2016-04-27 15:29:44] EDIT masterdb/controllers/device_history.py: 0
[2016-04-27 15:31:01] EDIT masterdb/controllers/device_history.py: 0
[2016-04-27 15:32:33] EDIT masterdb/controllers/device_history.py: 0
[2016-04-27 21:04:25] EDIT masterdb/controllers/device_history.py: -4
[2016-04-27 21:04:49] EDIT masterdb/controllers/device_history.py: 0
[2016-04-27 21:05:07] EDIT masterdb/controllers/device_history.py: 0
[2016-04-27 21:05:46] EDIT masterdb/controllers/device_history.py: 4
[2016-04-27 21:06:18] EDIT masterdb/controllers/device_history.py: 0
[2016-04-27 21:07:17] EDIT masterdb/controllers/device_history.py: 1
[2016-04-27 21:11:37] EDIT masterdb/controllers/device_history.py: 0
[2016-04-27 21:12:01] EDIT masterdb/controllers/device_history.py: 0
[2016-04-27 21:13:13] EDIT masterdb/controllers/device_history.py: 0
[2016-04-27 21:20:00] EDIT masterdb/controllers/device_history.py: 1
[2016-04-27 21:22:34] EDIT masterdb/controllers/device_history.py: 0
[2016-04-27 21:22:47] EDIT masterdb/controllers/device_history.py: 0
[2016-04-27 21:23:25] EDIT masterdb/controllers/device_history.py: 2
[2016-04-27 21:31:24] EDIT masterdb/controllers/device_history.py: 0
[2016-04-27 21:31:36] EDIT masterdb/controllers/device_history.py: 0
[2016-04-27 21:32:37] EDIT masterdb/models/masterdb.py: 1
[2016-04-27 21:33:30] EDIT masterdb/models/masterdb.py: 1
[2016-04-27 22:21:49] EDIT masterdb/controllers/device_history.py: 1
[2016-04-27 22:23:18] EDIT masterdb/controllers/device_history.py: 0
[2016-04-27 22:24:10] EDIT masterdb/controllers/device_history.py: -6
[2016-04-27 22:48:05] EDIT masterdb/models/masterdb.py: 0
[2016-04-27 22:49:14] EDIT masterdb/models/masterdb.py: 0
[2016-04-27 22:49:37] EDIT masterdb/models/masterdb.py: 0
[2016-04-27 22:51:12] EDIT masterdb/controllers/device.py: 0
[2016-04-27 22:51:19] EDIT masterdb/controllers/device.py: 0
[2016-04-27 22:51:26] EDIT masterdb/controllers/device.py: 0
[2016-04-27 22:51:46] EDIT masterdb/controllers/device.py: -33
[2016-04-28 01:35:36] EDIT masterdb/controllers/device.py: 1
[2016-04-28 01:38:05] EDIT masterdb/controllers/device.py: 3
[2016-04-28 10:20:17] EDIT masterdb/controllers/device.py: 5
[2016-04-28 10:20:48] EDIT masterdb/controllers/device.py: -1
[2016-04-28 10:21:32] EDIT masterdb/controllers/device.py: 0
[2016-04-28 10:22:33] EDIT masterdb/controllers/device.py: 0
[2016-04-28 10:22:49] EDIT masterdb/controllers/device.py: 0
[2016-04-28 10:23:57] EDIT masterdb/controllers/site.py: 6
[2016-04-28 10:24:22] EDIT masterdb/controllers/site.py: 2
[2016-04-28 10:27:32] EDIT masterdb/controllers/site.py: 0
[2016-04-28 10:42:55] CREATE countries.py: 0
[2016-04-28 10:43:28] EDIT masterdb/modules/countries.py: 0
[2016-04-28 10:45:22] EDIT masterdb/modules/countries.py: 0
[2016-04-28 10:48:23] EDIT masterdb/modules/countries.py: 0
[2016-04-28 10:50:35] EDIT masterdb/models/masterdb.py: 1
[2016-04-28 10:51:09] EDIT masterdb/models/masterdb.py: 0
[2016-04-28 10:51:20] EDIT masterdb/models/masterdb.py: 0
[2016-04-28 10:51:27] EDIT masterdb/models/masterdb.py: 0
[2016-04-28 10:53:15] EDIT masterdb/models/masterdb.py: 0
[2016-04-28 11:01:38] EDIT masterdb/models/masterdb.py: 1
[2016-04-28 11:02:05] EDIT masterdb/models/masterdb.py: 0
[2016-04-28 11:02:13] EDIT masterdb/models/masterdb.py: 0
[2016-04-28 11:13:14] EDIT masterdb/models/masterdb.py: 0
[2016-04-28 11:18:57] EDIT masterdb/models/masterdb.py: 0
[2016-04-28 11:36:37] EDIT masterdb/views/device_history/lookup.html: 0
[2016-04-28 11:37:20] EDIT masterdb/controllers/device_history.py: 0
[2016-04-28 11:51:06] CREATE device_types.py: 0
[2016-04-28 12:05:45] EDIT masterdb/modules/device_types.py: 3
[2016-04-28 12:10:28] EDIT masterdb/models/masterdb.py: 1
[2016-04-28 12:10:45] EDIT masterdb/models/masterdb.py: 0
[2016-04-28 12:15:04] EDIT masterdb/modules/device_types.py: 1
[2016-04-28 12:28:17] EDIT masterdb/views/site/lookup.html: 1
[2016-04-28 12:36:02] EDIT masterdb/views/site/lookup.html: 0
[2016-04-28 12:36:07] EDIT masterdb/views/site/lookup.html: 0
[2016-04-28 12:36:59] EDIT masterdb/views/device_history/lookup.html: 0
[2016-04-28 12:37:14] EDIT masterdb/views/device_history/lookup.html: 0
[2016-04-28 12:37:27] EDIT masterdb/views/device_history/lookup.html: 0
[2016-04-28 12:38:59] EDIT masterdb/controllers/site.py: -33
[2016-04-28 12:41:01] EDIT masterdb/views/device_history/insert.html: 0
[2016-04-28 12:41:43] EDIT masterdb/views/device_history/insert.html: 0
[2016-04-28 12:42:06] EDIT masterdb/views/device_history/insert.html: 1
[2016-04-28 12:43:00] EDIT masterdb/views/device_history/lookup.html: 1
[2016-04-28 12:43:41] EDIT masterdb/views/device_history/manage.html: 1
[2016-04-28 12:47:22] EDIT masterdb/views/device/insert.html: 1
[2016-04-28 12:47:32] EDIT masterdb/views/device/insert.html: 0
[2016-04-28 12:48:12] EDIT masterdb/views/device/lookup.html: 1
[2016-04-28 12:48:27] EDIT masterdb/views/device/manage.html: 1
[2016-04-28 13:02:00] EDIT masterdb/views/site/manage.html: 1
[2016-04-28 13:02:20] EDIT masterdb/views/site/lookup.html: 1
[2016-04-28 13:03:50] EDIT masterdb/views/site/insert.html: 1
[2016-04-28 13:04:05] EDIT masterdb/views/site/insert.html: 0
[2016-04-28 13:37:30] EDIT masterdb/models/masterdb.py: 4
[2016-04-28 13:37:42] EDIT masterdb/models/masterdb.py: 0
[2016-04-28 13:38:49] EDIT masterdb/models/masterdb.py: 0
[2016-04-28 13:38:58] EDIT masterdb/models/masterdb.py: 0
[2016-04-28 13:39:17] EDIT masterdb/models/masterdb.py: 0
[2016-04-28 13:39:45] EDIT masterdb/models/masterdb.py: 0
[2016-04-28 13:40:13] EDIT masterdb/models/masterdb.py: 0
[2016-04-28 13:42:50] EDIT masterdb/models/masterdb.py: 0
[2016-04-28 14:45:47] EDIT masterdb/controllers/device_history.py: 5
[2016-04-28 14:48:17] EDIT masterdb/controllers/device_history.py: 1
[2016-04-28 14:51:15] EDIT masterdb/controllers/device_history.py: 2
[2016-04-28 14:51:57] EDIT masterdb/controllers/device_history.py: 0
[2016-04-28 14:54:04] EDIT masterdb/models/masterdb.py: 1
[2016-04-28 14:54:16] EDIT masterdb/controllers/device_history.py: 0
[2016-04-28 14:55:17] EDIT masterdb/controllers/device_history.py: 0
[2016-04-28 14:55:32] EDIT masterdb/controllers/device_history.py: 1
[2016-04-28 14:58:48] EDIT masterdb/models/masterdb.py: 1
[2016-04-28 14:59:55] EDIT masterdb/controllers/device_history.py: 0
[2016-04-28 15:00:21] EDIT masterdb/controllers/device_history.py: 1
[2016-04-28 15:02:38] EDIT masterdb/controllers/device_history.py: 1
[2016-04-28 15:03:56] EDIT masterdb/controllers/device_history.py: -1
[2016-04-28 15:03:59] EDIT masterdb/controllers/device_history.py: 0
[2016-04-28 15:05:21] CREATE heartbeats.html: 0
[2016-04-28 15:06:09] EDIT masterdb/views/heartbeats.html: 1
[2016-04-28 15:07:19] EDIT masterdb/controllers/device_history.py: 9
[2016-04-28 16:35:10] EDIT masterdb/controllers/device_history.py: -6
[2016-04-28 16:35:23] EDIT masterdb/controllers/device_history.py: 0
[2016-04-28 16:35:40] EDIT masterdb/controllers/device_history.py: 0
[2016-04-28 16:36:47] EDIT masterdb/controllers/device_history.py: 0
[2016-04-28 16:37:17] EDIT masterdb/models/menu.py: 0
[2016-04-28 16:42:24] EDIT masterdb/models/menu.py: 0
[2016-04-28 16:56:06] EDIT masterdb/models/menu.py: 0
[2016-04-28 16:59:17] EDIT masterdb/models/menu.py: 0
[2016-04-28 17:00:25] EDIT masterdb/models/menu.py: 0
[2016-04-28 17:00:57] EDIT masterdb/controllers/device_history.py: 0
[2016-04-28 17:02:05] EDIT masterdb/controllers/device_history.py: 0
[2016-04-28 17:02:32] EDIT masterdb/views/device_history/register.html: 0
[2016-04-28 17:02:48] EDIT masterdb/views/device_history/register.html: 0
[2016-04-28 17:03:38] EDIT masterdb/controllers/device.py: -4
[2016-04-28 17:04:02] EDIT masterdb/controllers/device.py: 3
[2016-04-28 17:04:31] EDIT masterdb/models/menu.py: 0
[2016-04-28 17:06:59] EDIT masterdb/controllers/device.py: 1
[2016-04-28 17:07:52] EDIT masterdb/views/device/status.html: 0
[2016-04-28 17:08:28] EDIT masterdb/views/device/register.html: 0
[2016-04-28 17:10:06] EDIT masterdb/views/device/look_up.html: 0
[2016-04-28 17:10:27] EDIT masterdb/views/device_history/look_up.html: 0
[2016-04-28 17:11:57] EDIT masterdb/controllers/site.py: 0
[2016-04-28 19:01:53] EDIT masterdb/views/site/look_up.html: 0
[2016-04-28 19:02:35] EDIT masterdb/views/site/register.html: 0
[2016-04-28 19:03:14] EDIT masterdb/views/site/status.html: 0
[2016-04-28 19:03:49] EDIT masterdb/controllers/device_history.py: 0
[2016-04-28 19:05:02] EDIT masterdb/models/menu.py: 0
[2016-04-28 19:06:04] EDIT masterdb/views/device_history/heartbeat.html: 0
[2016-04-29 16:22:58] EDIT masterdb/controllers/device.py: 1
[2016-04-29 16:24:26] EDIT masterdb/controllers/device.py: 3
[2016-04-29 16:25:10] EDIT masterdb/views/device/status.html: 0
[2016-04-29 16:25:43] EDIT masterdb/views/device/status.html: 1
[2016-04-29 16:26:23] EDIT masterdb/views/device/status.html: 0
[2016-05-02 09:34:12] EDIT masterdb/views/device/status.html: 1
[2016-05-02 09:34:23] EDIT masterdb/views/device/status.html: 0
[2016-05-02 09:34:35] EDIT masterdb/views/device/status.html: 0
[2016-05-02 09:34:53] EDIT masterdb/views/device/status.html: 0
[2016-05-02 09:35:31] EDIT masterdb/views/device/status.html: 0
[2016-05-02 09:36:07] EDIT masterdb/views/device/status.html: 0
[2016-05-02 09:36:17] EDIT masterdb/views/device/status.html: 0
[2016-05-02 09:37:17] EDIT masterdb/views/device/status.html: 1
[2016-05-02 09:37:57] EDIT masterdb/views/device/status.html: 0
[2016-05-02 09:39:35] EDIT masterdb/views/device/status.html: 6
[2016-05-02 09:39:39] EDIT masterdb/views/device/status.html: 0
[2016-05-02 09:39:57] EDIT masterdb/views/device/status.html: 0
[2016-05-02 09:40:12] EDIT masterdb/views/device/status.html: 0
[2016-05-02 09:41:18] EDIT masterdb/views/device/status.html: 10
[2016-05-02 09:41:32] EDIT masterdb/views/device/status.html: 0
[2016-05-02 09:41:55] EDIT masterdb/views/device/status.html: 0
[2016-05-02 09:42:06] EDIT masterdb/views/device/status.html: 0
[2016-05-02 09:42:46] EDIT masterdb/views/device/status.html: -8
[2016-05-02 09:43:01] EDIT masterdb/views/device/status.html: 0
[2016-05-02 09:43:10] EDIT masterdb/views/device/status.html: 0
[2016-05-02 09:43:24] EDIT masterdb/views/device/status.html: 0
[2016-05-02 09:43:39] EDIT masterdb/views/device/status.html: 0
[2016-05-02 09:44:10] EDIT masterdb/views/device/status.html: 0
[2016-05-02 09:44:18] EDIT masterdb/views/device/status.html: 0
[2016-05-02 09:44:32] EDIT masterdb/views/device/status.html: 1
[2016-05-02 09:44:58] EDIT masterdb/views/device/status.html: -1
[2016-05-02 09:45:09] EDIT masterdb/views/device/status.html: 0
[2016-05-02 09:45:19] EDIT masterdb/views/device/status.html: 0
[2016-05-02 09:45:28] EDIT masterdb/views/device/status.html: 0
[2016-05-02 09:47:00] EDIT masterdb/views/device/status.html: 0
[2016-05-02 09:47:31] EDIT masterdb/views/device/status.html: 0
[2016-05-02 09:49:06] EDIT masterdb/views/device/status.html: 0
[2016-05-02 09:49:23] EDIT masterdb/views/device/status.html: 0
[2016-05-02 09:52:53] EDIT masterdb/views/device/status.html: 0
[2016-05-02 09:53:02] EDIT masterdb/views/device/status.html: 0
[2016-05-02 09:53:11] EDIT masterdb/views/device/status.html: 0
[2016-05-02 09:54:50] EDIT masterdb/views/device/status.html: 0
[2016-05-02 09:55:08] EDIT masterdb/views/device/status.html: 0
[2016-05-02 10:03:52] EDIT masterdb/views/device/status.html: 1
[2016-05-02 10:03:57] EDIT masterdb/views/device/status.html: 0
[2016-05-02 10:05:05] EDIT masterdb/views/device/status.html: 0
[2016-05-02 10:05:41] EDIT masterdb/views/device/status.html: 0
[2016-05-02 10:05:57] EDIT masterdb/views/device/status.html: 0
[2016-05-02 10:08:00] EDIT masterdb/views/device/status.html: 0
[2016-05-02 10:08:18] EDIT masterdb/views/device/status.html: 0
[2016-05-02 10:09:43] EDIT masterdb/views/device/status.html: 1
[2016-05-02 10:10:14] EDIT masterdb/views/device/status.html: 0
[2016-05-02 10:10:35] EDIT masterdb/views/device/status.html: 1
[2016-05-02 10:10:50] EDIT masterdb/views/device/status.html: 0
[2016-05-02 10:11:18] EDIT masterdb/views/device/status.html: 0
[2016-05-02 10:11:33] EDIT masterdb/views/device/status.html: 1
[2016-05-02 10:11:57] EDIT masterdb/views/device/status.html: 0
[2016-05-02 10:12:24] EDIT masterdb/views/device/status.html: 0
[2016-05-02 10:12:34] EDIT masterdb/views/device/status.html: 0
[2016-05-02 10:17:19] EDIT masterdb/views/device/status.html: 0
[2016-05-02 10:18:15] EDIT masterdb/views/device/status.html: 1
[2016-05-02 10:18:36] EDIT masterdb/views/device/status.html: 0
[2016-05-02 10:20:34] EDIT masterdb/views/device/status.html: 3
[2016-05-02 10:20:55] EDIT masterdb/views/device/status.html: 1
[2016-05-02 10:21:48] EDIT masterdb/views/device/status.html: -1
[2016-05-02 10:44:13] EDIT masterdb/views/device/status.html: 4
[2016-05-02 10:44:24] EDIT masterdb/views/device/status.html: 0
[2016-05-02 10:44:48] EDIT masterdb/views/device/status.html: 0
[2016-05-02 10:45:06] EDIT masterdb/views/device/status.html: 0
[2016-05-02 10:46:07] EDIT masterdb/views/device/status.html: 0
[2016-05-02 10:46:37] EDIT masterdb/views/device/status.html: 0
[2016-05-02 10:47:45] EDIT masterdb/views/device/status.html: 2
[2016-05-02 10:48:14] EDIT masterdb/views/device/status.html: 0
[2016-05-02 10:48:36] EDIT masterdb/views/device/status.html: 0
[2016-05-02 10:49:19] EDIT masterdb/views/device/status.html: 0
[2016-05-02 10:49:23] EDIT masterdb/views/device/status.html: 0
[2016-05-02 10:50:00] EDIT masterdb/views/device/status.html: 1
[2016-05-02 10:50:15] EDIT masterdb/views/device/status.html: 0
[2016-05-02 10:50:28] EDIT masterdb/views/device/status.html: 0
[2016-05-02 10:50:44] EDIT masterdb/views/device/status.html: 0
[2016-05-02 10:50:50] EDIT masterdb/views/device/status.html: 0
[2016-05-02 10:51:02] EDIT masterdb/views/device/status.html: 0
[2016-05-02 10:51:40] EDIT masterdb/views/device/status.html: 0
[2016-05-02 10:51:42] EDIT masterdb/views/device/status.html: 0
[2016-05-02 10:51:57] EDIT masterdb/views/device/status.html: 0
[2016-05-02 10:52:47] EDIT masterdb/views/device/status.html: 0
[2016-05-02 10:52:50] EDIT masterdb/views/device/status.html: 0
[2016-05-02 10:53:48] EDIT masterdb/views/device/status.html: 0
[2016-05-02 10:53:58] EDIT masterdb/views/device/status.html: 0
[2016-05-02 10:54:12] EDIT masterdb/views/device/status.html: 0
[2016-05-02 10:54:47] EDIT masterdb/views/device/status.html: 0
[2016-05-02 10:54:56] EDIT masterdb/views/device/status.html: 0
[2016-05-02 10:55:33] EDIT masterdb/controllers/device.py: 1
[2016-05-02 10:56:01] EDIT masterdb/controllers/device.py: 0
[2016-05-02 10:56:07] EDIT masterdb/controllers/device.py: 0
[2016-05-02 10:56:13] EDIT masterdb/controllers/device.py: 0
[2016-05-02 11:14:22] EDIT masterdb/controllers/site.py: 0
[2016-05-02 13:11:06] EDIT masterdb/views/site/status.html: 0
[2016-05-02 13:11:23] EDIT masterdb/controllers/site.py: 0
[2016-05-02 13:16:00] EDIT masterdb/controllers/site.py: 5
[2016-05-02 13:16:38] EDIT masterdb/controllers/site.py: 0
[2016-05-02 13:16:57] EDIT masterdb/controllers/site.py: 2
[2016-05-02 13:19:24] EDIT masterdb/controllers/site.py: 1
[2016-05-02 13:20:24] EDIT masterdb/controllers/site.py: 1
[2016-05-02 13:20:44] EDIT masterdb/controllers/site.py: 0
[2016-05-02 13:22:54] EDIT masterdb/controllers/site.py: 0
[2016-05-02 13:26:19] EDIT masterdb/controllers/site.py: 4
[2016-05-02 13:26:37] EDIT masterdb/controllers/site.py: 0
[2016-05-02 13:27:39] EDIT masterdb/controllers/site.py: 0
[2016-05-02 13:28:51] EDIT masterdb/controllers/site.py: 0
[2016-05-02 13:31:10] EDIT masterdb/controllers/site.py: 0
[2016-05-02 13:33:27] EDIT masterdb/controllers/site.py: -1
[2016-05-02 13:33:41] EDIT masterdb/controllers/site.py: 0
[2016-05-02 13:38:27] EDIT masterdb/controllers/site.py: 3
[2016-05-02 13:39:37] EDIT masterdb/controllers/site.py: -5
[2016-05-02 13:39:45] EDIT masterdb/controllers/site.py: 0
[2016-05-02 13:40:36] EDIT masterdb/controllers/site.py: 2
[2016-05-02 13:43:14] EDIT masterdb/controllers/site.py: 0
[2016-05-02 13:43:27] EDIT masterdb/controllers/site.py: 0
[2016-05-02 13:43:44] EDIT masterdb/controllers/site.py: 0
[2016-05-02 13:43:58] EDIT masterdb/controllers/site.py: -2
[2016-05-02 13:44:11] EDIT masterdb/controllers/site.py: 1
[2016-05-02 13:44:35] EDIT masterdb/controllers/site.py: 1
[2016-05-02 13:45:09] EDIT masterdb/controllers/site.py: 1
[2016-05-02 13:47:24] EDIT masterdb/controllers/site.py: 0
[2016-05-02 13:47:49] EDIT masterdb/controllers/site.py: 0
[2016-05-02 13:50:20] EDIT masterdb/views/site/status.html: 7
[2016-05-02 13:50:33] EDIT masterdb/views/site/status.html: 0
[2016-05-02 13:51:13] EDIT masterdb/views/site/status.html: -2
[2016-05-02 13:51:36] EDIT masterdb/views/site/status.html: 0
[2016-05-02 13:52:15] EDIT masterdb/controllers/site.py: -3
[2016-05-02 13:52:27] EDIT masterdb/controllers/site.py: 0
[2016-05-02 13:52:47] EDIT masterdb/views/site/status.html: 0
[2016-05-02 13:55:53] EDIT masterdb/views/site/status.html: 2
[2016-05-02 13:56:04] EDIT masterdb/views/site/status.html: 0
[2016-05-02 13:56:08] EDIT masterdb/views/site/status.html: 0
[2016-05-02 13:56:10] EDIT masterdb/views/site/status.html: 0
[2016-05-02 13:56:19] EDIT masterdb/views/site/status.html: 0
[2016-05-02 13:56:40] EDIT masterdb/views/site/status.html: 0
[2016-05-02 13:57:09] EDIT masterdb/views/site/status.html: 0
[2016-05-02 13:57:21] EDIT masterdb/views/site/status.html: 0
[2016-05-02 14:01:32] EDIT masterdb/views/site/status.html: 3
[2016-05-02 14:01:41] EDIT masterdb/views/site/status.html: 0
[2016-05-02 14:02:08] EDIT masterdb/views/site/status.html: 0
[2016-05-02 14:02:38] EDIT masterdb/views/site/status.html: 0
[2016-05-02 14:03:08] EDIT masterdb/views/site/status.html: 0
[2016-05-02 14:03:28] EDIT masterdb/views/site/status.html: 0
[2016-05-02 14:04:16] EDIT masterdb/views/site/status.html: 0
[2016-05-02 14:04:42] EDIT masterdb/views/site/status.html: 0
[2016-05-02 14:05:18] EDIT masterdb/views/site/status.html: 0
[2016-05-02 14:05:43] EDIT masterdb/views/site/status.html: 0
[2016-05-02 14:05:53] EDIT masterdb/views/site/status.html: 0
[2016-05-02 14:09:55] EDIT masterdb/views/site/status.html: -1
[2016-05-02 14:10:55] EDIT masterdb/views/site/status.html: 0
[2016-05-02 14:12:36] EDIT masterdb/views/site/status.html: 0
[2016-05-02 14:13:52] EDIT masterdb/views/site/status.html: 0
[2016-05-02 14:14:04] EDIT masterdb/views/site/status.html: 0
[2016-05-02 14:14:26] EDIT masterdb/views/site/status.html: 0
[2016-05-02 14:14:44] EDIT masterdb/views/site/status.html: 0
[2016-05-02 14:15:05] EDIT masterdb/views/site/status.html: 0
[2016-05-02 14:15:05] EDIT masterdb/views/site/status.html: 0
[2016-05-02 14:15:22] EDIT masterdb/views/site/status.html: 0
[2016-05-02 14:16:47] EDIT masterdb/views/site/status.html: 0
[2016-05-02 14:17:06] EDIT masterdb/views/site/status.html: 0
[2016-05-02 14:17:27] EDIT masterdb/views/site/status.html: 0
[2016-05-02 14:20:49] EDIT masterdb/views/site/status.html: 0
[2016-05-02 14:21:05] EDIT masterdb/views/site/status.html: 0
[2016-05-02 14:21:33] EDIT masterdb/views/site/status.html: 0
[2016-05-02 14:21:47] EDIT masterdb/views/site/status.html: 0
[2016-05-02 14:22:30] EDIT masterdb/views/site/status.html: 0
[2016-05-02 14:24:53] EDIT masterdb/controllers/site.py: 0
[2016-05-02 14:25:06] EDIT masterdb/controllers/site.py: 0
[2016-05-02 14:44:12] EDIT masterdb/controllers/site.py: 2
[2016-05-02 14:44:26] EDIT masterdb/controllers/site.py: 0
[2016-05-02 14:48:19] EDIT masterdb/controllers/site.py: -2
[2016-05-02 14:48:26] EDIT masterdb/controllers/site.py: 0
[2016-05-02 14:48:55] EDIT masterdb/controllers/site.py: 1
[2016-05-02 14:49:21] EDIT masterdb/controllers/site.py: 0
[2016-05-02 14:49:53] EDIT masterdb/controllers/site.py: 0
[2016-05-02 14:50:12] EDIT masterdb/controllers/site.py: 1
[2016-05-02 14:50:26] EDIT masterdb/controllers/site.py: 0
[2016-05-02 14:50:39] EDIT masterdb/controllers/site.py: 0
[2016-05-02 14:51:01] EDIT masterdb/controllers/site.py: -1
[2016-05-02 14:51:06] EDIT masterdb/controllers/site.py: 0
[2016-05-02 14:51:15] EDIT masterdb/controllers/site.py: 0
[2016-05-02 14:51:21] EDIT masterdb/controllers/site.py: 0
[2016-05-02 14:56:30] EDIT masterdb/controllers/site.py: 0
[2016-05-02 14:56:36] EDIT masterdb/controllers/site.py: 0
[2016-05-02 14:59:18] EDIT masterdb/controllers/site.py: 0
[2016-05-02 14:59:30] EDIT masterdb/controllers/site.py: 0
[2016-05-02 14:59:42] EDIT masterdb/controllers/site.py: 0
[2016-05-02 15:00:30] EDIT masterdb/controllers/site.py: 0
[2016-05-02 15:01:23] EDIT masterdb/controllers/site.py: 0
[2016-05-02 15:07:06] EDIT masterdb/views/device/status.html: 0
[2016-05-02 15:07:16] EDIT masterdb/views/device/status.html: 0
[2016-05-02 15:09:10] EDIT masterdb/controllers/device.py: 1
[2016-05-02 15:09:52] EDIT masterdb/views/device/status.html: 1
[2016-05-02 15:10:54] EDIT masterdb/views/device/status.html: 2
[2016-05-02 15:12:54] EDIT masterdb/views/device/status.html: 0
[2016-05-02 15:13:30] EDIT masterdb/views/device/status.html: 3
[2016-05-02 15:13:58] EDIT masterdb/views/device/status.html: 0
[2016-05-02 15:14:30] EDIT masterdb/views/device/status.html: 3
[2016-05-02 15:15:29] EDIT masterdb/views/device/status.html: 1
[2016-05-02 15:15:37] EDIT masterdb/views/device/status.html: 0
[2016-05-02 15:15:48] EDIT masterdb/views/device/status.html: 0
[2016-05-02 15:17:26] EDIT masterdb/views/device/status.html: -4
[2016-05-02 15:18:18] EDIT masterdb/views/device/status.html: 4
[2016-05-02 15:20:39] EDIT masterdb/views/device/status.html: 1
[2016-05-02 15:20:50] EDIT masterdb/views/device/status.html: 1
[2016-05-02 15:21:19] EDIT masterdb/views/device/status.html: 2
[2016-05-02 15:22:11] EDIT masterdb/views/device/status.html: 0
[2016-05-02 15:22:53] EDIT masterdb/views/device/status.html: 1
[2016-05-02 15:23:51] EDIT masterdb/views/device/status.html: 0
[2016-05-02 15:29:16] EDIT masterdb/views/site/status.html: 4
[2016-05-02 15:29:50] EDIT masterdb/views/site/status.html: -4
[2016-05-02 15:30:32] EDIT masterdb/views/site/status.html: 2
[2016-05-02 15:30:51] EDIT masterdb/views/site/status.html: 0
[2016-05-02 15:31:10] EDIT masterdb/views/site/status.html: 0
[2016-05-02 15:32:15] EDIT masterdb/views/site/status.html: 1
[2016-05-02 15:32:21] EDIT masterdb/views/site/status.html: 0
[2016-05-02 15:33:31] EDIT masterdb/views/site/status.html: 0
[2016-05-02 15:33:49] EDIT masterdb/views/site/status.html: -1
[2016-05-02 15:35:10] EDIT masterdb/controllers/site.py: 1
[2016-05-02 15:35:22] EDIT masterdb/controllers/site.py: 0
[2016-05-02 15:35:38] EDIT masterdb/controllers/site.py: 0
[2016-05-02 15:36:18] EDIT masterdb/controllers/site.py: -1
[2016-05-02 15:37:19] EDIT masterdb/views/site/status.html: 0
[2016-05-02 15:37:36] EDIT masterdb/views/site/status.html: 0
[2016-05-02 15:37:56] EDIT masterdb/views/site/status.html: 0
[2016-05-02 15:38:30] EDIT masterdb/views/site/status.html: 0
[2016-05-02 15:38:32] EDIT masterdb/views/site/status.html: 0
[2016-05-02 15:38:47] EDIT masterdb/views/site/status.html: 0
[2016-05-02 15:39:30] EDIT masterdb/views/site/status.html: 0
[2016-05-02 15:39:56] EDIT masterdb/views/site/status.html: 0
[2016-05-02 15:44:33] EDIT masterdb/controllers/default.py: 1
[2016-05-02 15:45:04] EDIT masterdb/controllers/default.py: 0
[2016-05-02 15:49:38] EDIT masterdb/controllers/default.py: 1
[2016-05-02 15:49:56] EDIT masterdb/controllers/default.py: 0
[2016-05-02 16:59:14] CREATE language_session.py: 0
[2016-05-02 17:01:10] EDIT masterdb/modules/language_session.py: 2
[2016-05-02 17:01:22] EDIT masterdb/modules/language_session.py: 1
[2016-05-02 17:02:41] EDIT masterdb/modules/language_session.py: 0
[2016-05-02 17:06:18] EDIT masterdb/modules/language_session.py: 0
[2016-05-02 17:06:26] EDIT masterdb/modules/language_session.py: 0
[2016-05-02 17:08:27] EDIT masterdb/controllers/default.py: 1
[2016-05-02 17:08:44] EDIT masterdb/controllers/default.py: 0
[2016-05-02 17:08:59] EDIT masterdb/modules/language_session.py: 0
[2016-05-02 17:09:08] EDIT masterdb/controllers/default.py: 0
[2016-05-02 17:09:18] EDIT masterdb/controllers/default.py: 1
[2016-05-02 17:10:18] EDIT masterdb/controllers/default.py: 0
[2016-05-02 17:10:20] EDIT masterdb/modules/language_session.py: 0
[2016-05-02 17:20:30] EDIT masterdb/modules/language_session.py: 1
[2016-05-02 17:20:54] EDIT masterdb/modules/language_session.py: 0
[2016-05-02 17:21:16] EDIT masterdb/controllers/default.py: 0
[2016-05-02 17:29:21] EDIT masterdb/controllers/default.py: 0
[2016-05-02 17:29:38] EDIT masterdb/modules/language_session.py: 0
[2016-05-02 17:30:13] EDIT masterdb/controllers/default.py: 0
[2016-05-02 17:30:26] EDIT masterdb/modules/language_session.py: 0
[2016-05-02 17:30:36] EDIT masterdb/controllers/default.py: 0
[2016-05-02 17:30:41] EDIT masterdb/modules/language_session.py: 0
[2016-05-02 17:45:55] EDIT masterdb/modules/language_session.py: 0
[2016-05-02 17:46:03] EDIT masterdb/modules/language_session.py: 0
[2016-05-02 17:46:06] EDIT masterdb/modules/language_session.py: 0
[2016-05-02 17:46:16] EDIT masterdb/controllers/default.py: 0
[2016-05-02 17:47:45] EDIT masterdb/controllers/default.py: 0
[2016-05-02 18:36:13] EDIT masterdb/modules/language_session.py: 1
[2016-05-02 18:37:09] EDIT masterdb/modules/language_session.py: 1
[2016-05-02 18:37:44] EDIT masterdb/modules/language_session.py: 0
[2016-05-02 18:42:06] EDIT masterdb/modules/language_session.py: 0
[2016-05-02 18:42:10] EDIT masterdb/modules/language_session.py: 0
[2016-05-02 18:42:49] EDIT masterdb/modules/language_session.py: 0
[2016-05-02 18:43:03] EDIT masterdb/modules/language_session.py: 0
[2016-05-02 18:43:32] EDIT masterdb/modules/language_session.py: 0
[2016-05-02 18:43:49] EDIT masterdb/controllers/default.py: 0
[2016-05-02 18:44:26] EDIT masterdb/controllers/site.py: 2
[2016-05-02 18:45:46] EDIT masterdb/controllers/site.py: 0
[2016-05-02 18:54:56] EDIT masterdb/models/masterdb.py: 0
[2016-05-02 18:55:34] EDIT masterdb/models/masterdb.py: 0
[2016-05-02 18:56:07] EDIT masterdb/controllers/site.py: 1
[2016-05-02 18:59:15] EDIT masterdb/models/masterdb.py: 0
[2016-05-02 18:59:33] EDIT masterdb/models/masterdb.py: 0
[2016-05-02 19:20:09] EDIT masterdb/models/menu.py: 0
[2016-05-02 19:20:18] EDIT masterdb/models/menu.py: 0
[2016-05-02 19:23:33] EDIT masterdb/models/menu.py: 1
[2016-05-02 19:23:56] EDIT masterdb/models/menu.py: 1
[2016-05-02 19:24:09] EDIT masterdb/models/menu.py: 0
[2016-05-02 19:24:12] EDIT masterdb/models/menu.py: 0
[2016-05-02 19:24:42] EDIT masterdb/models/menu.py: 0
[2016-05-02 19:25:20] EDIT masterdb/models/menu.py: 1
[2016-05-02 19:25:23] EDIT masterdb/models/menu.py: 0
[2016-05-02 19:30:47] EDIT masterdb/models/menu.py: 0
[2016-05-02 20:02:44] EDIT masterdb/models/masterdb.py: 0
[2016-05-02 20:02:56] EDIT masterdb/models/masterdb.py: 0
[2016-05-02 20:03:16] EDIT masterdb/models/masterdb.py: 0
[2016-05-02 20:06:15] EDIT masterdb/models/masterdb.py: 0
[2016-05-02 20:25:01] EDIT masterdb/models/menu.py: 0
[2016-05-02 20:25:16] EDIT masterdb/models/menu.py: 0
[2016-05-02 20:25:46] EDIT masterdb/models/menu.py: 0
[2016-05-02 20:26:28] EDIT masterdb/models/menu.py: 0
[2016-05-02 20:28:46] EDIT masterdb/modules/countries.py: 0
[2016-05-02 20:29:14] EDIT masterdb/modules/countries.py: 1
[2016-05-02 20:29:25] EDIT masterdb/modules/countries.py: 0
[2016-05-02 20:29:29] EDIT masterdb/modules/countries.py: 0
[2016-05-02 20:33:17] EDIT masterdb/modules/countries.py: 0
[2016-05-02 20:44:56] EDIT masterdb/views/site/status.html: 0
