[2016-04-09 12:31:17] START
[2016-04-09 12:32:25] CREATE db1.py: 0
[2016-04-09 12:40:41] EDIT rpcservice/models/db1.py: 7
[2016-04-09 12:44:51] EDIT rpcservice/controllers/default.py: 9
[2016-04-09 12:45:08] EDIT rpcservice/controllers/default.py: -1
[2016-04-09 12:47:16] EDIT rpcservice/controllers/default.py: 9
[2016-04-09 12:47:32] EDIT rpcservice/controllers/default.py: -1
[2016-04-09 12:49:16] EDIT rpcservice/controllers/default.py: 0
[2016-04-09 12:49:45] EDIT rpcservice/controllers/default.py: 0
[2016-04-09 12:50:04] EDIT rpcservice/controllers/default.py: 0
[2016-04-09 12:50:12] EDIT rpcservice/controllers/default.py: 0
[2016-04-09 12:53:44] EDIT rpcservice/models/db1.py: -2
[2016-04-09 12:54:57] EDIT rpcservice/controllers/default.py: 3
[2016-04-09 12:56:07] EDIT rpcservice/controllers/default.py: 0
[2016-04-09 12:59:27] EDIT rpcservice/controllers/default.py: 0
[2016-04-09 13:00:54] EDIT rpcservice/controllers/default.py: 1
[2016-04-09 13:05:39] EDIT rpcservice/controllers/default.py: 0
[2016-04-09 13:08:13] EDIT rpcservice/controllers/default.py: 0
[2016-04-09 13:09:43] EDIT rpcservice/controllers/default.py: 0
[2016-04-09 13:20:53] EDIT rpcservice/controllers/default.py: 0
[2016-04-09 13:23:08] EDIT rpcservice/models/db1.py: -1
[2016-04-09 13:23:18] EDIT rpcservice/controllers/default.py: 0
[2016-04-09 13:28:24] EDIT rpcservice/controllers/default.py: 0
[2016-04-09 13:28:52] EDIT rpcservice/controllers/default.py: 0
[2016-04-09 13:28:59] EDIT rpcservice/controllers/default.py: 0
[2016-04-09 13:29:38] EDIT rpcservice/controllers/default.py: 0
[2016-04-09 13:29:48] EDIT rpcservice/controllers/default.py: -1
[2016-04-09 13:29:52] EDIT rpcservice/controllers/default.py: 0
[2016-04-09 13:30:26] EDIT rpcservice/controllers/default.py: 1
[2016-04-09 13:30:33] EDIT rpcservice/controllers/default.py: 0
[2016-04-09 13:32:09] EDIT rpcservice/controllers/default.py: 4
[2016-04-09 13:34:53] EDIT rpcservice/controllers/default.py: 0
[2016-04-09 13:35:36] EDIT rpcservice/controllers/default.py: 0
